/home/davis/.jdks/corretto-1.8.0_402/bin/java -javaagent:/home/davis/Apps/idea-IC/lib/idea_rt.jar=46735:/home/davis/Apps/idea-IC/bin -Dfile.encoding=UTF-8 -classpath /home/davis/.jdks/corretto-1.8.0_402/jre/lib/charsets.jar:/home/davis/.jdks/corretto-1.8.0_402/jre/lib/ext/cldrdata.jar:/home/davis/.jdks/corretto-1.8.0_402/jre/lib/ext/dnsns.jar:/home/davis/.jdks/corretto-1.8.0_402/jre/lib/ext/jaccess.jar:/home/davis/.jdks/corretto-1.8.0_402/jre/lib/ext/jfxrt.jar:/home/davis/.jdks/corretto-1.8.0_402/jre/lib/ext/localedata.jar:/home/davis/.jdks/corretto-1.8.0_402/jre/lib/ext/nashorn.jar:/home/davis/.jdks/corretto-1.8.0_402/jre/lib/ext/sunec.jar:/home/davis/.jdks/corretto-1.8.0_402/jre/lib/ext/sunjce_provider.jar:/home/davis/.jdks/corretto-1.8.0_402/jre/lib/ext/sunpkcs11.jar:/home/davis/.jdks/corretto-1.8.0_402/jre/lib/ext/zipfs.jar:/home/davis/.jdks/corretto-1.8.0_402/jre/lib/jce.jar:/home/davis/.jdks/corretto-1.8.0_402/jre/lib/jfr.jar:/home/davis/.jdks/corretto-1.8.0_402/jre/lib/jfxswt.jar:/home/davis/.jdks/corretto-1.8.0_402/jre/lib/jsse.jar:/home/davis/.jdks/corretto-1.8.0_402/jre/lib/management-agent.jar:/home/davis/.jdks/corretto-1.8.0_402/jre/lib/resources.jar:/home/davis/.jdks/corretto-1.8.0_402/jre/lib/rt.jar:/home/davis/Work/zxf-java-memory/target/classes:/home/davis/.m2/repository/org/springframework/boot/spring-boot-starter-web/2.6.8/spring-boot-starter-web-2.6.8.jar:/home/davis/.m2/repository/org/springframework/boot/spring-boot-starter/2.6.8/spring-boot-starter-2.6.8.jar:/home/davis/.m2/repository/org/springframework/boot/spring-boot/2.6.8/spring-boot-2.6.8.jar:/home/davis/.m2/repository/org/springframework/boot/spring-boot-autoconfigure/2.6.8/spring-boot-autoconfigure-2.6.8.jar:/home/davis/.m2/repository/org/springframework/boot/spring-boot-starter-logging/2.6.8/spring-boot-starter-logging-2.6.8.jar:/home/davis/.m2/repository/ch/qos/logback/logback-classic/1.2.11/logback-classic-1.2.11.jar:/home/davis/.m2/repository/ch/qos/logback/logback-core/1.2.11/logback-core-1.2.11.jar:/home/davis/.m2/repository/org/slf4j/slf4j-api/1.7.36/slf4j-api-1.7.36.jar:/home/davis/.m2/repository/org/apache/logging/log4j/log4j-to-slf4j/2.17.2/log4j-to-slf4j-2.17.2.jar:/home/davis/.m2/repository/org/apache/logging/log4j/log4j-api/2.17.2/log4j-api-2.17.2.jar:/home/davis/.m2/repository/org/slf4j/jul-to-slf4j/1.7.36/jul-to-slf4j-1.7.36.jar:/home/davis/.m2/repository/jakarta/annotation/jakarta.annotation-api/1.3.5/jakarta.annotation-api-1.3.5.jar:/home/davis/.m2/repository/org/springframework/spring-core/5.3.20/spring-core-5.3.20.jar:/home/davis/.m2/repository/org/springframework/spring-jcl/5.3.20/spring-jcl-5.3.20.jar:/home/davis/.m2/repository/org/yaml/snakeyaml/1.29/snakeyaml-1.29.jar:/home/davis/.m2/repository/org/springframework/boot/spring-boot-starter-json/2.6.8/spring-boot-starter-json-2.6.8.jar:/home/davis/.m2/repository/com/fasterxml/jackson/core/jackson-databind/2.13.3/jackson-databind-2.13.3.jar:/home/davis/.m2/repository/com/fasterxml/jackson/core/jackson-annotations/2.13.3/jackson-annotations-2.13.3.jar:/home/davis/.m2/repository/com/fasterxml/jackson/core/jackson-core/2.13.3/jackson-core-2.13.3.jar:/home/davis/.m2/repository/com/fasterxml/jackson/datatype/jackson-datatype-jdk8/2.13.3/jackson-datatype-jdk8-2.13.3.jar:/home/davis/.m2/repository/com/fasterxml/jackson/datatype/jackson-datatype-jsr310/2.13.3/jackson-datatype-jsr310-2.13.3.jar:/home/davis/.m2/repository/com/fasterxml/jackson/module/jackson-module-parameter-names/2.13.3/jackson-module-parameter-names-2.13.3.jar:/home/davis/.m2/repository/org/springframework/boot/spring-boot-starter-tomcat/2.6.8/spring-boot-starter-tomcat-2.6.8.jar:/home/davis/.m2/repository/org/apache/tomcat/embed/tomcat-embed-core/9.0.63/tomcat-embed-core-9.0.63.jar:/home/davis/.m2/repository/org/apache/tomcat/embed/tomcat-embed-el/9.0.63/tomcat-embed-el-9.0.63.jar:/home/davis/.m2/repository/org/apache/tomcat/embed/tomcat-embed-websocket/9.0.63/tomcat-embed-websocket-9.0.63.jar:/home/davis/.m2/repository/org/springframework/spring-web/5.3.20/spring-web-5.3.20.jar:/home/davis/.m2/repository/org/springframework/spring-beans/5.3.20/spring-beans-5.3.20.jar:/home/davis/.m2/repository/org/springframework/spring-webmvc/5.3.20/spring-webmvc-5.3.20.jar:/home/davis/.m2/repository/org/springframework/spring-aop/5.3.20/spring-aop-5.3.20.jar:/home/davis/.m2/repository/org/springframework/spring-context/5.3.20/spring-context-5.3.20.jar:/home/davis/.m2/repository/org/springframework/spring-expression/5.3.20/spring-expression-5.3.20.jar:/home/davis/.m2/repository/org/apache/pdfbox/pdfbox/2.0.29/pdfbox-2.0.29.jar:/home/davis/.m2/repository/commons-logging/commons-logging/1.2/commons-logging-1.2.jar:/home/davis/.m2/repository/org/apache/pdfbox/fontbox/2.0.29/fontbox-2.0.29.jar:/home/davis/.m2/repository/com/oracle/database/jdbc/ojdbc8/23.4.0.24.05/ojdbc8-23.4.0.24.05.jar:/home/davis/.m2/repository/com/oracle/database/jdbc/ucp/23.4.0.24.05/ucp-23.4.0.24.05.jar:/home/davis/.m2/repository/com/oracle/database/ha/ons/23.4.0.24.05/ons-23.4.0.24.05.jar:/home/davis/.m2/repository/commons-io/commons-io/2.5/commons-io-2.5.jar:/home/davis/.m2/repository/org/openjdk/jol/jol-core/0.17/jol-core-0.17.jar zxf.java.memory.jol.ClassLayoutTests
Picked up _JAVA_OPTIONS: -Dawt.useSystemAAFontSettings=on -Dswing.aatext=true
# WARNING: Unable to attach Serviceability Agent. You can try again with escalated privileges. Two options: a) use -Djol.tryWithSudo=true to try with sudo; b) echo 0 | sudo tee /proc/sys/kernel/yama/ptrace_scope
# VM mode: 64 bits
# Compressed references (oops): 3-bit shift
# Compressed class pointers: 3-bit shift
# WARNING | Compressed references base/shifts are guessed by the experiment!
# WARNING | Therefore, computed addresses are just guesses, and ARE NOT RELIABLE.
# WARNING | Make sure to attach Serviceability Agent to get the reliable addresses.
# Object alignment: 8 bytes
#                       ref, bool, byte, char, shrt,  int,  flt,  lng,  dbl
# Field sizes:            4,    1,    1,    2,    2,    4,    4,    8,    8
# Array element sizes:    4,    1,    1,    2,    2,    4,    4,    8,    8
# Array base offsets:    16,   16,   16,   16,   16,   16,   16,   16,   16

#################Class Info#################
zxf.java.memory.jol.Foo object internals:
OFF  SZ                          TYPE DESCRIPTION               VALUE
  0   8                               (object header: mark)     N/A
  8   4                               (object header: class)    N/A
 12   4                           int Foo.i                     N/A
 16   8                          long Foo.l                     N/A
 24   8                        double Foo.d                     N/A
 32   4                         float Foo.f                     N/A
 36   2                         short Foo.s                     N/A
 38   2                          char Foo.c                     N/A
 40   1                          byte Foo.b                     N/A
 41   1                       boolean Foo.bo                    N/A
 42   2                               (alignment/padding gap)
 44   4              java.lang.String Foo.str                   N/A
 48   4   zxf.java.memory.jol.Foo.Bar Foo.bar                   N/A
 52   4                               (object alignment gap)
Instance size: 56 bytes
Space losses: 2 bytes internal + 4 bytes external = 6 bytes total

zxf.java.memory.jol.Foo$Bar object internals:
OFF  SZ                  TYPE DESCRIPTION               VALUE
  0   8                       (object header: mark)     N/A
  8   4                       (object header: class)    N/A
 12   4   java.lang.Character Bar.ch                    N/A
 16   4        java.util.List Bar.ids                   N/A
 20   4                       (object alignment gap)
Instance size: 24 bytes
Space losses: 0 bytes internal + 4 bytes external = 4 bytes total

#################Instance Info of Foo#################
zxf.java.memory.jol.Foo object internals:
OFF  SZ                          TYPE DESCRIPTION               VALUE
  0   8                               (object header: mark)     0x0000000000000001 (non-biasable; age: 0)
  8   4                               (object header: class)    0xf80155dd
 12   4                           int Foo.i                     456
 16   8                          long Foo.l                     678
 24   8                        double Foo.d                     12.809888
 32   4                         float Foo.f                     12.34
 36   2                         short Foo.s                     234
 38   2                          char Foo.c                     A
 40   1                          byte Foo.b                     123
 41   1                       boolean Foo.bo                    true
 42   2                               (alignment/padding gap)
 44   4              java.lang.String Foo.str                   (object)
 48   4   zxf.java.memory.jol.Foo.Bar Foo.bar                   (object)
 52   4                               (object alignment gap)
Instance size: 56 bytes
Space losses: 2 bytes internal + 4 bytes external = 6 bytes total

[C object internals:
OFF  SZ   TYPE DESCRIPTION               VALUE
  0   8        (object header: mark)     0x0000000000000001 (non-biasable; age: 0)
  8   4        (object header: class)    0xf8000041
 12   4        (array length)            10
 16  20   char [C.<elements>             N/A
 36   4        (object alignment gap)
Instance size: 40 bytes
Space losses: 0 bytes internal + 4 bytes external = 4 bytes total

zxf.java.memory.jol.Foo$Bar object internals:
OFF  SZ                  TYPE DESCRIPTION               VALUE
  0   8                       (object header: mark)     0x0000000000000001 (non-biasable; age: 0)
  8   4                       (object header: class)    0xf8015811
 12   4   java.lang.Character Bar.ch                    b
 16   4        java.util.List Bar.ids                   (object)
 20   4                       (object alignment gap)
Instance size: 24 bytes
Space losses: 0 bytes internal + 4 bytes external = 4 bytes total

java.lang.Character object internals:
OFF  SZ   TYPE DESCRIPTION               VALUE
  0   8        (object header: mark)     0x0000000000000001 (non-biasable; age: 0)
  8   4        (object header: class)    0xf80020d8
 12   2   char Character.value           b
 14   2        (object alignment gap)
Instance size: 16 bytes
Space losses: 0 bytes internal + 2 bytes external = 2 bytes total

java.util.Arrays$ArrayList object internals:
OFF  SZ                 TYPE DESCRIPTION               VALUE
  0   8                      (object header: mark)     0x0000000000000001 (non-biasable; age: 0)
  8   4                      (object header: class)    0xf800c405
 12   4                  int AbstractList.modCount     0
 16   4   java.lang.Object[] ArrayList.a               [(object), (object)]
 20   4                      (object alignment gap)
Instance size: 24 bytes
Space losses: 0 bytes internal + 4 bytes external = 4 bytes total

java.lang.String object internals:
OFF  SZ     TYPE DESCRIPTION               VALUE
  0   8          (object header: mark)     0x0000000000000001 (non-biasable; age: 0)
  8   4          (object header: class)    0xf80002da
 12   4   char[] String.value              [1, 2, 3, 4, 5]
 16   4      int String.hash               0
 20   4          (object alignment gap)
Instance size: 24 bytes
Space losses: 0 bytes internal + 4 bytes external = 4 bytes total

java.lang.String object internals:
OFF  SZ     TYPE DESCRIPTION               VALUE
  0   8          (object header: mark)     0x0000000000000001 (non-biasable; age: 0)
  8   4          (object header: class)    0xf80002da
 12   4   char[] String.value              [6, 7, 8, 9, 0]
 16   4      int String.hash               0
 20   4          (object alignment gap)
Instance size: 24 bytes
Space losses: 0 bytes internal + 4 bytes external = 4 bytes total

#################Instance Info of String#################
java.lang.String object internals:
OFF  SZ     TYPE DESCRIPTION               VALUE
  0   8          (object header: mark)     0x0000000000000001 (non-biasable; age: 0)
  8   4          (object header: class)    0xf80002da
 12   4   char[] String.value              [1, 2, 3, 5, 赞]
 16   4      int String.hash               0
 20   4          (object alignment gap)
Instance size: 24 bytes
Space losses: 0 bytes internal + 4 bytes external = 4 bytes total

#################Instance Info of Byte[]#################
[B object internals:
OFF  SZ   TYPE DESCRIPTION               VALUE
  0   8        (object header: mark)     0x0000000000000001 (non-biasable; age: 0)
  8   4        (object header: class)    0xf80000f5
 12   4        (array length)            10
 16  10   byte [B.<elements>             N/A
 26   6        (object alignment gap)
Instance size: 32 bytes
Space losses: 0 bytes internal + 6 bytes external = 6 bytes total


Process finished with exit code 0
