/home/davis/.jdks/corretto-1.8.0_402/bin/java -javaagent:/home/davis/Apps/idea-IC/lib/idea_rt.jar=42725:/home/davis/Apps/idea-IC/bin -Dfile.encoding=UTF-8 -classpath /home/davis/.jdks/corretto-1.8.0_402/jre/lib/charsets.jar:/home/davis/.jdks/corretto-1.8.0_402/jre/lib/ext/cldrdata.jar:/home/davis/.jdks/corretto-1.8.0_402/jre/lib/ext/dnsns.jar:/home/davis/.jdks/corretto-1.8.0_402/jre/lib/ext/jaccess.jar:/home/davis/.jdks/corretto-1.8.0_402/jre/lib/ext/jfxrt.jar:/home/davis/.jdks/corretto-1.8.0_402/jre/lib/ext/localedata.jar:/home/davis/.jdks/corretto-1.8.0_402/jre/lib/ext/nashorn.jar:/home/davis/.jdks/corretto-1.8.0_402/jre/lib/ext/sunec.jar:/home/davis/.jdks/corretto-1.8.0_402/jre/lib/ext/sunjce_provider.jar:/home/davis/.jdks/corretto-1.8.0_402/jre/lib/ext/sunpkcs11.jar:/home/davis/.jdks/corretto-1.8.0_402/jre/lib/ext/zipfs.jar:/home/davis/.jdks/corretto-1.8.0_402/jre/lib/jce.jar:/home/davis/.jdks/corretto-1.8.0_402/jre/lib/jfr.jar:/home/davis/.jdks/corretto-1.8.0_402/jre/lib/jfxswt.jar:/home/davis/.jdks/corretto-1.8.0_402/jre/lib/jsse.jar:/home/davis/.jdks/corretto-1.8.0_402/jre/lib/management-agent.jar:/home/davis/.jdks/corretto-1.8.0_402/jre/lib/resources.jar:/home/davis/.jdks/corretto-1.8.0_402/jre/lib/rt.jar:/home/davis/Work/zxf-java-memory/target/classes:/home/davis/.m2/repository/org/springframework/boot/spring-boot-starter-web/2.6.8/spring-boot-starter-web-2.6.8.jar:/home/davis/.m2/repository/org/springframework/boot/spring-boot-starter/2.6.8/spring-boot-starter-2.6.8.jar:/home/davis/.m2/repository/org/springframework/boot/spring-boot/2.6.8/spring-boot-2.6.8.jar:/home/davis/.m2/repository/org/springframework/boot/spring-boot-autoconfigure/2.6.8/spring-boot-autoconfigure-2.6.8.jar:/home/davis/.m2/repository/org/springframework/boot/spring-boot-starter-logging/2.6.8/spring-boot-starter-logging-2.6.8.jar:/home/davis/.m2/repository/ch/qos/logback/logback-classic/1.2.11/logback-classic-1.2.11.jar:/home/davis/.m2/repository/ch/qos/logback/logback-core/1.2.11/logback-core-1.2.11.jar:/home/davis/.m2/repository/org/slf4j/slf4j-api/1.7.36/slf4j-api-1.7.36.jar:/home/davis/.m2/repository/org/apache/logging/log4j/log4j-to-slf4j/2.17.2/log4j-to-slf4j-2.17.2.jar:/home/davis/.m2/repository/org/apache/logging/log4j/log4j-api/2.17.2/log4j-api-2.17.2.jar:/home/davis/.m2/repository/org/slf4j/jul-to-slf4j/1.7.36/jul-to-slf4j-1.7.36.jar:/home/davis/.m2/repository/jakarta/annotation/jakarta.annotation-api/1.3.5/jakarta.annotation-api-1.3.5.jar:/home/davis/.m2/repository/org/springframework/spring-core/5.3.20/spring-core-5.3.20.jar:/home/davis/.m2/repository/org/springframework/spring-jcl/5.3.20/spring-jcl-5.3.20.jar:/home/davis/.m2/repository/org/yaml/snakeyaml/1.29/snakeyaml-1.29.jar:/home/davis/.m2/repository/org/springframework/boot/spring-boot-starter-json/2.6.8/spring-boot-starter-json-2.6.8.jar:/home/davis/.m2/repository/com/fasterxml/jackson/core/jackson-databind/2.13.3/jackson-databind-2.13.3.jar:/home/davis/.m2/repository/com/fasterxml/jackson/core/jackson-annotations/2.13.3/jackson-annotations-2.13.3.jar:/home/davis/.m2/repository/com/fasterxml/jackson/core/jackson-core/2.13.3/jackson-core-2.13.3.jar:/home/davis/.m2/repository/com/fasterxml/jackson/datatype/jackson-datatype-jdk8/2.13.3/jackson-datatype-jdk8-2.13.3.jar:/home/davis/.m2/repository/com/fasterxml/jackson/datatype/jackson-datatype-jsr310/2.13.3/jackson-datatype-jsr310-2.13.3.jar:/home/davis/.m2/repository/com/fasterxml/jackson/module/jackson-module-parameter-names/2.13.3/jackson-module-parameter-names-2.13.3.jar:/home/davis/.m2/repository/org/springframework/boot/spring-boot-starter-tomcat/2.6.8/spring-boot-starter-tomcat-2.6.8.jar:/home/davis/.m2/repository/org/apache/tomcat/embed/tomcat-embed-core/9.0.63/tomcat-embed-core-9.0.63.jar:/home/davis/.m2/repository/org/apache/tomcat/embed/tomcat-embed-el/9.0.63/tomcat-embed-el-9.0.63.jar:/home/davis/.m2/repository/org/apache/tomcat/embed/tomcat-embed-websocket/9.0.63/tomcat-embed-websocket-9.0.63.jar:/home/davis/.m2/repository/org/springframework/spring-web/5.3.20/spring-web-5.3.20.jar:/home/davis/.m2/repository/org/springframework/spring-beans/5.3.20/spring-beans-5.3.20.jar:/home/davis/.m2/repository/org/springframework/spring-webmvc/5.3.20/spring-webmvc-5.3.20.jar:/home/davis/.m2/repository/org/springframework/spring-aop/5.3.20/spring-aop-5.3.20.jar:/home/davis/.m2/repository/org/springframework/spring-context/5.3.20/spring-context-5.3.20.jar:/home/davis/.m2/repository/org/springframework/spring-expression/5.3.20/spring-expression-5.3.20.jar:/home/davis/.m2/repository/org/apache/pdfbox/pdfbox/2.0.29/pdfbox-2.0.29.jar:/home/davis/.m2/repository/commons-logging/commons-logging/1.2/commons-logging-1.2.jar:/home/davis/.m2/repository/org/apache/pdfbox/fontbox/2.0.29/fontbox-2.0.29.jar:/home/davis/.m2/repository/com/oracle/database/jdbc/ojdbc8/23.4.0.24.05/ojdbc8-23.4.0.24.05.jar:/home/davis/.m2/repository/com/oracle/database/jdbc/ucp/23.4.0.24.05/ucp-23.4.0.24.05.jar:/home/davis/.m2/repository/com/oracle/database/ha/ons/23.4.0.24.05/ons-23.4.0.24.05.jar:/home/davis/.m2/repository/commons-io/commons-io/2.5/commons-io-2.5.jar:/home/davis/.m2/repository/org/openjdk/jol/jol-core/0.17/jol-core-0.17.jar zxf.java.memory.jol.GraphLayoutTests
Picked up _JAVA_OPTIONS: -Dawt.useSystemAAFontSettings=on -Dswing.aatext=true
#################GraphLayout Info of String#################
# WARNING: Unable to attach Serviceability Agent. You can try again with escalated privileges. Two options: a) use -Djol.tryWithSudo=true to try with sudo; b) echo 0 | sudo tee /proc/sys/kernel/yama/ptrace_scope
java.lang.String@3e3abc88d object externals:
          ADDRESS       SIZE TYPE             PATH                           VALUE
        71a5cbd68         24 java.lang.String                                (object)
        71a5cbd80         32 [C               .value                         [1, 2, 3, 5, 赞]

Addresses are stable after 1 tries.


java.lang.String@3e3abc88d footprint:
     COUNT       AVG       SUM   DESCRIPTION
         1        32        32   [C
         1        24        24   java.lang.String
         2                  56   (total)


totalSize: 56
#################GraphLayout Info of Byte[]#################
[B@31b7dea0d object externals:
          ADDRESS       SIZE TYPE PATH                           VALUE
        71c876568         32 [B                                  [49, 0, 50, 0, 51, 0, 53, 0, 94, -115]

Addresses are stable after 1 tries.


[B@31b7dea0d footprint:
     COUNT       AVG       SUM   DESCRIPTION
         1        32        32   [B
         1                  32   (total)


totalSize: 32
#################GraphLayout Info of Foo1#################
zxf.java.memory.jol.Foo@3ac42916d object externals:
          ADDRESS       SIZE TYPE                        PATH                           VALUE
        71ae53e38         16 java.lang.Character         .bar.ch                        b
        71ae53e48   27430480 (something else)            (somewhere else)               (something else)
        71c87cc98         40 [Ljava.lang.String;         .bar.ids.a                     [(object), (object), (object), (object), (object)]
        71c87ccc0         24 java.lang.String            .bar.ids.a[0]                  (object)
        71c87ccd8         32 [C                          .bar.ids.a[0].value            [1, 2, 3, 4, 5, A]
        71c87ccf8         24 java.lang.String            .bar.ids.a[1]                  (object)
        71c87cd10         32 [C                          .bar.ids.a[1].value            [6, 7, 8, 9, 0]
        71c87cd30         24 java.lang.String            .bar.ids.a[2]                  (object)
        71c87cd48         32 [C                          .bar.ids.a[2].value            [A, B, C, D, E]
        71c87cd68         24 java.lang.String            .bar.ids.a[3]                  (object)
        71c87cd80         32 [C                          .bar.ids.a[3].value            [5, 4, 3, 2, 1]
        71c87cda0         24 java.lang.String            .bar.ids.a[4]                  (object)
        71c87cdb8         32 [C                          .bar.ids.a[4].value            [0, 9, 8, 7, 6]
        71c87cdd8         24 java.util.Arrays$ArrayList  .bar.ids                       (object)
        71c87cdf0      22784 (something else)            (somewhere else)               (something else)
        71c8826f0         56 zxf.java.memory.jol.Foo                                    (object)
        71c882728         24 java.lang.String            .str                           (object)
        71c882740         40 [C                          .str.value                     [1, 2, 3, 4, 5, 6, 7, 8, 9, 0]
        71c882768      13504 (something else)            (somewhere else)               (something else)
        71c885c28         24 zxf.java.memory.jol.Foo$Bar .bar                           (object)

Addresses are stable after 1 tries.


zxf.java.memory.jol.Foo@3ac42916d footprint:
     COUNT       AVG       SUM   DESCRIPTION
         6        33       200   [C
         1        40        40   [Ljava.lang.String;
         1        16        16   java.lang.Character
         6        24       144   java.lang.String
         1        24        24   java.util.Arrays$ArrayList
         1        56        56   zxf.java.memory.jol.Foo
         1        24        24   zxf.java.memory.jol.Foo$Bar
        17                 504   (total)


totalSize: 504
#################GraphLayout Info of Foo2#################
zxf.java.memory.jol.Foo@3ecf72fdd object externals:
          ADDRESS       SIZE TYPE                        PATH                           VALUE
        71ae53e38         16 java.lang.Character         .bar.ch                        b
        71ae53e48   27430520 (something else)            (somewhere else)               (something else)
        71c87ccc0         24 java.lang.String            .bar.ids.a[0]                  (object)
        71c87ccd8         32 [C                          .bar.ids.a[0].value            [1, 2, 3, 4, 5, A]
        71c87ccf8         24 java.lang.String            .bar.ids.a[1]                  (object)
        71c87cd10         32 [C                          .bar.ids.a[1].value            [6, 7, 8, 9, 0]
        71c87cd30         24 java.lang.String            .bar.ids.a[2]                  (object)
        71c87cd48         32 [C                          .bar.ids.a[2].value            [A, B, C, D, E]
        71c87cd68         24 java.lang.String            .bar.ids.a[3]                  (object)
        71c87cd80         32 [C                          .bar.ids.a[3].value            [5, 4, 3, 2, 1]
        71c87cda0         24 java.lang.String            .bar.ids.a[4]                  (object)
        71c87cdb8         32 [C                          .bar.ids.a[4].value            [0, 9, 8, 7, 6]
        71c87cdd8      22864 (something else)            (somewhere else)               (something else)
        71c882728         24 java.lang.String            .str                           (object)
        71c882740         40 [C                          .str.value                     [1, 2, 3, 4, 5, 6, 7, 8, 9, 0]
        71c882768     187248 (something else)            (somewhere else)               (something else)
        71c8b02d8         56 [Ljava.lang.String;         .bar.ids.a                     [(object), (object), (object), (object), (object), (object), (object), (object), (object), (object)]
        71c8b0310         24 java.lang.String            .bar.ids.a[5]                  (object)
        71c8b0328         32 [C                          .bar.ids.a[5].value            [1, 2, 3, 4, 5]
        71c8b0348         24 java.util.Arrays$ArrayList  .bar.ids                       (object)
        71c8b0360         56 zxf.java.memory.jol.Foo                                    (object)
        71c8b0398         24 zxf.java.memory.jol.Foo$Bar .bar                           (object)

Addresses are stable after 1 tries.


zxf.java.memory.jol.Foo@3ecf72fdd footprint:
     COUNT       AVG       SUM   DESCRIPTION
         7        33       232   [C
         1        56        56   [Ljava.lang.String;
         1        16        16   java.lang.Character
         7        24       168   java.lang.String
         1        24        24   java.util.Arrays$ArrayList
         1        56        56   zxf.java.memory.jol.Foo
         1        24        24   zxf.java.memory.jol.Foo$Bar
        19                 576   (total)


totalSize: 576

Process finished with exit code 0
