$ jinfo 64386
Picked up _JAVA_OPTIONS: -Dawt.useSystemAAFontSettings=on -Dswing.aatext=true
Java System Properties:
#Wed Feb 19 09:26:53 CST 2025
java.runtime.name=OpenJDK Runtime Environment
sun.boot.library.path=/home/davis/.jdks/corretto-1.8.0_402/jre/lib/amd64
java.vm.version=25.402-b08
awt.useSystemAAFontSettings=on
java.vm.vendor=Amazon.com Inc.
java.vendor.url=https\://aws.amazon.com/corretto/
path.separator=\:
java.vm.name=OpenJDK 64-Bit Server VM
file.encoding.pkg=sun.io
sun.java.launcher=SUN_STANDARD
sun.os.patch.level=unknown
java.vm.specification.name=Java Virtual Machine Specification
user.dir=/home/davis/Work/zxf-java-memory
PID=64386
java.runtime.version=1.8.0_402-b08
java.awt.graphicsenv=sun.awt.X11GraphicsEnvironment
java.endorsed.dirs=/home/davis/.jdks/corretto-1.8.0_402/jre/lib/endorsed
os.arch=amd64
CONSOLE_LOG_CHARSET=UTF-8
java.io.tmpdir=/tmp
line.separator=\n
java.vm.specification.vendor=Oracle Corporation
os.name=Linux
FILE_LOG_CHARSET=UTF-8
sun.jnu.encoding=UTF-8
java.library.path=/usr/java/packages/lib/amd64\:/usr/lib64\:/lib64\:/lib\:/usr/lib
spring.beaninfo.ignore=true
java.specification.name=Java Platform API Specification
java.class.version=52.0
sun.management.compiler=HotSpot 64-Bit Tiered Compilers
os.version=6.6.15-amd64
user.home=/home/davis
user.timezone=Asia/Shanghai
catalina.useNaming=false
java.awt.printerjob=sun.print.PSPrinterJob
file.encoding=UTF-8
java.specification.version=1.8
catalina.home=/tmp/tomcat.8080.2754792162467848364
java.class.path=/home/davis/.jdks/corretto-1.8.0_402/jre/lib/charsets.jar\:/home/davis/.jdks/corretto-1.8.0_402/jre/lib/ext/cldrdata.jar\:/home/davis/.jdks/corretto-1.8.0_402/jre/lib/ext/dnsns.jar\:/home/davis/.jdks/corretto-1.8.0_402/jre/lib/ext/jaccess.jar\:/home/davis/.jdks/corretto-1.8.0_402/jre/lib/ext/jfxrt.jar\:/home/davis/.jdks/corretto-1.8.0_402/jre/lib/ext/localedata.jar\:/home/davis/.jdks/corretto-1.8.0_402/jre/lib/ext/nashorn.jar\:/home/davis/.jdks/corretto-1.8.0_402/jre/lib/ext/sunec.jar\:/home/davis/.jdks/corretto-1.8.0_402/jre/lib/ext/sunjce_provider.jar\:/home/davis/.jdks/corretto-1.8.0_402/jre/lib/ext/sunpkcs11.jar\:/home/davis/.jdks/corretto-1.8.0_402/jre/lib/ext/zipfs.jar\:/home/davis/.jdks/corretto-1.8.0_402/jre/lib/jce.jar\:/home/davis/.jdks/corretto-1.8.0_402/jre/lib/jfr.jar\:/home/davis/.jdks/corretto-1.8.0_402/jre/lib/jfxswt.jar\:/home/davis/.jdks/corretto-1.8.0_402/jre/lib/jsse.jar\:/home/davis/.jdks/corretto-1.8.0_402/jre/lib/management-agent.jar\:/home/davis/.jdks/corretto-1.8.0_402/jre/lib/resources.jar\:/home/davis/.jdks/corretto-1.8.0_402/jre/lib/rt.jar\:/home/davis/Work/zxf-java-memory/target/classes\:/home/davis/.m2/repository/org/springframework/boot/spring-boot-starter-web/2.6.8/spring-boot-starter-web-2.6.8.jar\:/home/davis/.m2/repository/org/springframework/boot/spring-boot-starter/2.6.8/spring-boot-starter-2.6.8.jar\:/home/davis/.m2/repository/org/springframework/boot/spring-boot/2.6.8/spring-boot-2.6.8.jar\:/home/davis/.m2/repository/org/springframework/boot/spring-boot-autoconfigure/2.6.8/spring-boot-autoconfigure-2.6.8.jar\:/home/davis/.m2/repository/org/springframework/boot/spring-boot-starter-logging/2.6.8/spring-boot-starter-logging-2.6.8.jar\:/home/davis/.m2/repository/ch/qos/logback/logback-classic/1.2.11/logback-classic-1.2.11.jar\:/home/davis/.m2/repository/ch/qos/logback/logback-core/1.2.11/logback-core-1.2.11.jar\:/home/davis/.m2/repository/org/slf4j/slf4j-api/1.7.36/slf4j-api-1.7.36.jar\:/home/davis/.m2/repository/org/apache/logging/log4j/log4j-to-slf4j/2.17.2/log4j-to-slf4j-2.17.2.jar\:/home/davis/.m2/repository/org/apache/logging/log4j/log4j-api/2.17.2/log4j-api-2.17.2.jar\:/home/davis/.m2/repository/org/slf4j/jul-to-slf4j/1.7.36/jul-to-slf4j-1.7.36.jar\:/home/davis/.m2/repository/jakarta/annotation/jakarta.annotation-api/1.3.5/jakarta.annotation-api-1.3.5.jar\:/home/davis/.m2/repository/org/springframework/spring-core/5.3.20/spring-core-5.3.20.jar\:/home/davis/.m2/repository/org/springframework/spring-jcl/5.3.20/spring-jcl-5.3.20.jar\:/home/davis/.m2/repository/org/yaml/snakeyaml/1.29/snakeyaml-1.29.jar\:/home/davis/.m2/repository/org/springframework/boot/spring-boot-starter-json/2.6.8/spring-boot-starter-json-2.6.8.jar\:/home/davis/.m2/repository/com/fasterxml/jackson/core/jackson-databind/2.13.3/jackson-databind-2.13.3.jar\:/home/davis/.m2/repository/com/fasterxml/jackson/core/jackson-annotations/2.13.3/jackson-annotations-2.13.3.jar\:/home/davis/.m2/repository/com/fasterxml/jackson/core/jackson-core/2.13.3/jackson-core-2.13.3.jar\:/home/davis/.m2/repository/com/fasterxml/jackson/datatype/jackson-datatype-jdk8/2.13.3/jackson-datatype-jdk8-2.13.3.jar\:/home/davis/.m2/repository/com/fasterxml/jackson/datatype/jackson-datatype-jsr310/2.13.3/jackson-datatype-jsr310-2.13.3.jar\:/home/davis/.m2/repository/com/fasterxml/jackson/module/jackson-module-parameter-names/2.13.3/jackson-module-parameter-names-2.13.3.jar\:/home/davis/.m2/repository/org/springframework/boot/spring-boot-starter-tomcat/2.6.8/spring-boot-starter-tomcat-2.6.8.jar\:/home/davis/.m2/repository/org/apache/tomcat/embed/tomcat-embed-core/9.0.63/tomcat-embed-core-9.0.63.jar\:/home/davis/.m2/repository/org/apache/tomcat/embed/tomcat-embed-el/9.0.63/tomcat-embed-el-9.0.63.jar\:/home/davis/.m2/repository/org/apache/tomcat/embed/tomcat-embed-websocket/9.0.63/tomcat-embed-websocket-9.0.63.jar\:/home/davis/.m2/repository/org/springframework/spring-web/5.3.20/spring-web-5.3.20.jar\:/home/davis/.m2/repository/org/springframework/spring-beans/5.3.20/spring-beans-5.3.20.jar\:/home/davis/.m2/repository/org/springframework/spring-webmvc/5.3.20/spring-webmvc-5.3.20.jar\:/home/davis/.m2/repository/org/springframework/spring-aop/5.3.20/spring-aop-5.3.20.jar\:/home/davis/.m2/repository/org/springframework/spring-context/5.3.20/spring-context-5.3.20.jar\:/home/davis/.m2/repository/org/springframework/spring-expression/5.3.20/spring-expression-5.3.20.jar\:/home/davis/.m2/repository/org/apache/pdfbox/pdfbox/2.0.29/pdfbox-2.0.29.jar\:/home/davis/.m2/repository/commons-logging/commons-logging/1.2/commons-logging-1.2.jar\:/home/davis/.m2/repository/org/apache/pdfbox/fontbox/2.0.29/fontbox-2.0.29.jar\:/home/davis/.m2/repository/com/oracle/database/jdbc/ojdbc8/23.4.0.24.05/ojdbc8-23.4.0.24.05.jar\:/home/davis/.m2/repository/com/oracle/database/jdbc/ucp/23.4.0.24.05/ucp-23.4.0.24.05.jar\:/home/davis/.m2/repository/com/oracle/database/ha/ons/23.4.0.24.05/ons-23.4.0.24.05.jar\:/home/davis/.m2/repository/commons-io/commons-io/2.5/commons-io-2.5.jar\:/home/davis/.m2/repository/org/openjdk/jol/jol-core/0.17/jol-core-0.17.jar\:/home/davis/Apps/idea-IC/lib/idea_rt.jar
user.name=davis
java.vm.specification.version=1.8
sun.java.command=zxf.java.memory.Application
java.home=/home/davis/.jdks/corretto-1.8.0_402/jre
sun.arch.data.model=64
user.language=en
java.specification.vendor=Oracle Corporation
awt.toolkit=sun.awt.X11.XToolkit
java.vm.info=mixed mode
java.version=1.8.0_402
java.ext.dirs=/home/davis/.jdks/corretto-1.8.0_402/jre/lib/ext\:/usr/java/packages/lib/ext
sun.boot.class.path=/home/davis/.jdks/corretto-1.8.0_402/jre/lib/resources.jar\:/home/davis/.jdks/corretto-1.8.0_402/jre/lib/rt.jar\:/home/davis/.jdks/corretto-1.8.0_402/jre/lib/sunrsasign.jar\:/home/davis/.jdks/corretto-1.8.0_402/jre/lib/jsse.jar\:/home/davis/.jdks/corretto-1.8.0_402/jre/lib/jce.jar\:/home/davis/.jdks/corretto-1.8.0_402/jre/lib/charsets.jar\:/home/davis/.jdks/corretto-1.8.0_402/jre/lib/jfr.jar\:/home/davis/.jdks/corretto-1.8.0_402/jre/classes
java.awt.headless=true
java.vendor=Amazon.com Inc.
catalina.base=/tmp/tomcat.8080.2754792162467848364
swing.aatext=true
java.specification.maintenance.version=5
file.separator=/
java.vendor.url.bug=https\://github.com/corretto/corretto-8/issues/
sun.io.unicode.encoding=UnicodeLittle
sun.cpu.endian=little
sun.cpu.isalist=

VM Flags:
-XX:CICompilerCount=12 -XX:ConcGCThreads=4 -XX:G1HeapRegionSize=1048576 -XX:InitialHeapSize=522190848 -XX:MarkStackSize=4194304 -XX:MaxHeapSize=1073741824 -XX:MaxNewSize=643825664 -XX:MinHeapDeltaBytes=1048576 -XX:+PrintFlagsFinal -XX:+UseCompressedClassPointers -XX:+UseCompressedOops -XX:+UseG1GC

VM Arguments:
jvm_args: -XX:+UseG1GC -Xmx1024M -XX:+PrintFlagsFinal -javaagent:/home/davis/Apps/idea-IC/lib/idea_rt.jar=45503:/home/davis/Apps/idea-IC/bin -Dfile.encoding=UTF-8 -Dawt.useSystemAAFontSettings=on -Dswing.aatext=true
java_command: zxf.java.memory.Application
java_class_path (initial): /home/davis/.jdks/corretto-1.8.0_402/jre/lib/charsets.jar:/home/davis/.jdks/corretto-1.8.0_402/jre/lib/ext/cldrdata.jar:/home/davis/.jdks/corretto-1.8.0_402/jre/lib/ext/dnsns.jar:/home/davis/.jdks/corretto-1.8.0_402/jre/lib/ext/jaccess.jar:/home/davis/.jdks/corretto-1.8.0_402/jre/lib/ext/jfxrt.jar:/home/davis/.jdks/corretto-1.8.0_402/jre/lib/ext/localedata.jar:/home/davis/.jdks/corretto-1.8.0_402/jre/lib/ext/nashorn.jar:/home/davis/.jdks/corretto-1.8.0_402/jre/lib/ext/sunec.jar:/home/davis/.jdks/corretto-1.8.0_402/jre/lib/ext/sunjce_provider.jar:/home/davis/.jdks/corretto-1.8.0_402/jre/lib/ext/sunpkcs11.jar:/home/davis/.jdks/corretto-1.8.0_402/jre/lib/ext/zipfs.jar:/home/davis/.jdks/corretto-1.8.0_402/jre/lib/jce.jar:/home/davis/.jdks/corretto-1.8.0_402/jre/lib/jfr.jar:/home/davis/.jdks/corretto-1.8.0_402/jre/lib/jfxswt.jar:/home/davis/.jdks/corretto-1.8.0_402/jre/lib/jsse.jar:/home/davis/.jdks/corretto-1.8.0_402/jre/lib/management-agent.jar:/home/davis/.jdks/corretto-1.8.0_402/jre/lib/resources.jar:/home/davis/.jdks/corretto-1.8.0_402/jre/lib/rt.jar:/home/davis/Work/zxf-java-memory/target/classes:/home/davis/.m2/repository/org/springframework/boot/spring-boot-starter-web/2.6.8/spring-boot-starter-web-2.6.8.jar:/home/davis/.m2/repository/org/springframework/boot/spring-boot-starter/2.6.8/spring-boot-starter-2.6.8.jar:/home/davis/.m2/repository/org/springframework/boot/spring-boot/2.6.8/spring-boot-2.6.8.jar:/home/davis/.m2/repository/org/springframework/boot/spring-boot-autoconfigure/2.6.8/spring-boot-autoconfigure-2.6.8.jar:/home/davis/.m2/repository/org/springframework/boot/spring-boot-starter-logging/2.6.8/spring-boot-starter-logging-2.6.8.jar:/home/davis/.m2/repository/ch/qos/logback/logback-classic/1.2.11/logback-classic-1.2.11.jar:/home/davis/.m2/repository/ch/qos/logback/logback-core/1.2.11/logback-core-1.2.11.jar:/home/davis/.m2/repository/org/slf4j/slf4j-api/1.7.36/slf4j-api-1.7.36.jar:/home/davis/.m2/repository/org/apache/loggi
Launcher Type: SUN_STANDARD
